[0922/105320.723:ERROR:process_reader_win.cc(123)] NtOpenThread: {Отказано в доступе} Процесс запросил доступ к объекту, но права на доступ не предоставлены. (0xc0000022)
[0922/105320.728:ERROR:exception_snapshot_win.cc(99)] thread ID 5728 not found in process
[0922/125213.780:ERROR:process_info.cc(359)] UncheckedAllocate
[0922/125213.785:ERROR:process_info.cc(359)] UncheckedAllocate
[0922/125215.288:ERROR:process_memory_win.cc(73)] ReadMemory at 0x1b2ab4eead0 of 72 bytes failed: Запрос ReadProcessMemory или WriteProcessMemory был выполнен только частично. (0x12B)
[0922/125215.291:WARNING:pe_image_annotations_reader.cc(135)] could not read annotations list object in C:\Program Files\Google\Chrome\Application\85.0.4183.102\chrome_elf.dll
[0922/125215.292:ERROR:process_memory_win.cc(73)] ReadMemory at 0x1b2ab5315e0 of 72 bytes failed: Запрос ReadProcessMemory или WriteProcessMemory был выполнен только частично. (0x12B)
[0922/125215.292:WARNING:pe_image_annotations_reader.cc(135)] could not read annotations list object in C:\Program Files\Google\Chrome\Application\85.0.4183.102\chrome.dll
[0922/125215.292:ERROR:process_memory_win.cc(73)] ReadMemory at 0x1b2abb10000 of 64 bytes failed: Запрос ReadProcessMemory или WriteProcessMemory был выполнен только частично. (0x12B)
[0922/125215.292:WARNING:pe_image_reader.cc(340)] could not read dos header from C:\Windows\System32\combase.dll
[0922/125215.297:ERROR:process_memory_win.cc(73)] ReadMemory at 0x1b2ab4eead0 of 72 bytes failed: Запрос ReadProcessMemory или WriteProcessMemory был выполнен только частично. (0x12B)
[0922/125215.297:WARNING:pe_image_annotations_reader.cc(135)] could not read annotations list object in C:\Program Files\Google\Chrome\Application\85.0.4183.102\chrome_elf.dll
[0922/125215.297:ERROR:process_memory_win.cc(73)] ReadMemory at 0x1b2ab5315e0 of 72 bytes failed: Запрос ReadProcessMemory или WriteProcessMemory был выполнен только частично. (0x12B)
[0922/125215.297:WARNING:pe_image_annotations_reader.cc(135)] could not read annotations list object in C:\Program Files\Google\Chrome\Application\85.0.4183.102\chrome.dll
[0922/125215.298:ERROR:process_memory_win.cc(73)] ReadMemory at 0x1b2abb10000 of 64 bytes failed: Запрос ReadProcessMemory или WriteProcessMemory был выполнен только частично. (0x12B)
[0922/125215.298:WARNING:pe_image_reader.cc(340)] could not read dos header from C:\Windows\System32\combase.dll
[0922/125215.299:ERROR:process_memory_win.cc(73)] ReadMemory at 0x1b2ab4eead0 of 72 bytes failed: Запрос ReadProcessMemory или WriteProcessMemory был выполнен только частично. (0x12B)
[0922/125215.299:WARNING:pe_image_annotations_reader.cc(135)] could not read annotations list object in C:\Program Files\Google\Chrome\Application\85.0.4183.102\chrome_elf.dll
[0922/125215.299:ERROR:process_memory_win.cc(73)] ReadMemory at 0x1b2ab5315e0 of 72 bytes failed: Запрос ReadProcessMemory или WriteProcessMemory был выполнен только частично. (0x12B)
[0922/125215.299:WARNING:pe_image_annotations_reader.cc(135)] could not read annotations list object in C:\Program Files\Google\Chrome\Application\85.0.4183.102\chrome.dll
[0922/125215.300:ERROR:process_memory_win.cc(73)] ReadMemory at 0x1b2abb10000 of 64 bytes failed: Запрос ReadProcessMemory или WriteProcessMemory был выполнен только частично. (0x12B)
[0922/125215.300:WARNING:pe_image_reader.cc(340)] could not read dos header from C:\Windows\System32\combase.dll
[0922/125215.321:ERROR:process_memory_win.cc(73)] ReadMemory at 0x5e541e7000 of 102400 bytes failed: Запрос ReadProcessMemory или WriteProcessMemory был выполнен только частично. (0x12B)
[0922/125215.322:ERROR:process_memory_win.cc(73)] ReadMemory at 0x5e549fd000 of 12288 bytes failed: Запрос ReadProcessMemory или WriteProcessMemory был выполнен только частично. (0x12B)
[0922/125215.322:ERROR:process_memory_win.cc(73)] ReadMemory at 0x5e551f7000 of 36864 bytes failed: Запрос ReadProcessMemory или WriteProcessMemory был выполнен только частично. (0x12B)
[0922/125215.322:ERROR:process_memory_win.cc(73)] ReadMemory at 0x5e559fc000 of 16384 bytes failed: Запрос ReadProcessMemory или WriteProcessMemory был выполнен только частично. (0x12B)
[0922/125215.323:ERROR:process_memory_win.cc(73)] ReadMemory at 0x5e561fb000 of 20480 bytes failed: Запрос ReadProcessMemory или WriteProcessMemory был выполнен только частично. (0x12B)
[0922/125215.323:ERROR:process_memory_win.cc(73)] ReadMemory at 0x5e569ff000 of 4096 bytes failed: Запрос ReadProcessMemory или WriteProcessMemory был выполнен только частично. (0x12B)
[0922/125215.323:ERROR:process_memory_win.cc(73)] ReadMemory at 0x5e571fd000 of 12288 bytes failed: Запрос ReadProcessMemory или WriteProcessMemory был выполнен только частично. (0x12B)
[0922/125215.323:ERROR:process_memory_win.cc(73)] ReadMemory at 0x5e579fc000 of 16384 bytes failed: Запрос ReadProcessMemory или WriteProcessMemory был выполнен только частично. (0x12B)
[0922/125215.323:ERROR:process_memory_win.cc(73)] ReadMemory at 0x5e581fd000 of 12288 bytes failed: Запрос ReadProcessMemory или WriteProcessMemory был выполнен только частично. (0x12B)
[0922/125215.324:ERROR:process_memory_win.cc(73)] ReadMemory at 0x5e589fd000 of 12288 bytes failed: Запрос ReadProcessMemory или WriteProcessMemory был выполнен только частично. (0x12B)
[0922/125215.324:ERROR:process_memory_win.cc(73)] ReadMemory at 0x5e591fd000 of 12288 bytes failed: Запрос ReadProcessMemory или WriteProcessMemory был выполнен только частично. (0x12B)
[0922/125215.324:ERROR:process_memory_win.cc(73)] ReadMemory at 0x5e599fd000 of 12288 bytes failed: Запрос ReadProcessMemory или WriteProcessMemory был выполнен только частично. (0x12B)
[0922/125215.324:ERROR:process_memory_win.cc(73)] ReadMemory at 0x5e5a1f7000 of 36864 bytes failed: Запрос ReadProcessMemory или WriteProcessMemory был выполнен только частично. (0x12B)
[0922/125215.324:ERROR:process_memory_win.cc(73)] ReadMemory at 0x5e5a9fd000 of 12288 bytes failed: Запрос ReadProcessMemory или WriteProcessMemory был выполнен только частично. (0x12B)
[0922/125215.324:ERROR:process_memory_win.cc(73)] ReadMemory at 0x5e5b1f7000 of 36864 bytes failed: Запрос ReadProcessMemory или WriteProcessMemory был выполнен только частично. (0x12B)
[0922/125215.325:ERROR:process_memory_win.cc(73)] ReadMemory at 0x5e5b9f4000 of 49152 bytes failed: Запрос ReadProcessMemory или WriteProcessMemory был выполнен только частично. (0x12B)
[0922/125215.325:ERROR:process_memory_win.cc(73)] ReadMemory at 0x5e5c1f5000 of 45056 bytes failed: Запрос ReadProcessMemory или WriteProcessMemory был выполнен только частично. (0x12B)
[0922/125215.325:ERROR:process_memory_win.cc(73)] ReadMemory at 0x5e5c9f5000 of 45056 bytes failed: Запрос ReadProcessMemory или WriteProcessMemory был выполнен только частично. (0x12B)
[0922/125215.325:ERROR:process_memory_win.cc(73)] ReadMemory at 0x5e5d1fc000 of 16384 bytes failed: Запрос ReadProcessMemory или WriteProcessMemory был выполнен только частично. (0x12B)
[0922/125215.326:ERROR:process_memory_win.cc(73)] ReadMemory at 0x5e5d9f5000 of 45056 bytes failed: Запрос ReadProcessMemory или WriteProcessMemory был выполнен только частично. (0x12B)
[0922/125215.326:ERROR:process_memory_win.cc(73)] ReadMemory at 0x5e5e1f4000 of 49152 bytes failed: Запрос ReadProcessMemory или WriteProcessMemory был выполнен только частично. (0x12B)
[0922/125215.326:ERROR:process_memory_win.cc(73)] ReadMemory at 0x5e5e9f8000 of 32768 bytes failed: Запрос ReadProcessMemory или WriteProcessMemory был выполнен только частично. (0x12B)
[0922/125215.326:ERROR:process_memory_win.cc(73)] ReadMemory at 0x5e5f1f6000 of 40960 bytes failed: Запрос ReadProcessMemory или WriteProcessMemory был выполнен только частично. (0x12B)
[0922/125215.326:ERROR:process_memory_win.cc(73)] ReadMemory at 0x5e5f9f6000 of 40960 bytes failed: Запрос ReadProcessMemory или WriteProcessMemory был выполнен только частично. (0x12B)
[0922/125215.326:ERROR:process_memory_win.cc(73)] ReadMemory at 0x5e601f9000 of 28672 bytes failed: Запрос ReadProcessMemory или WriteProcessMemory был выполнен только частично. (0x12B)
[0922/125215.326:ERROR:process_memory_win.cc(73)] ReadMemory at 0x5e609f8000 of 32768 bytes failed: Запрос ReadProcessMemory или WriteProcessMemory был выполнен только частично. (0x12B)
[0922/125215.327:ERROR:process_memory_win.cc(73)] ReadMemory at 0x5e53884000 of 852 bytes failed: Запрос ReadProcessMemory или WriteProcessMemory был выполнен только частично. (0x12B)
[0922/125215.328:ERROR:process_memory_win.cc(73)] ReadMemory at 0x5e53885000 of 6024 bytes failed: Запрос ReadProcessMemory или WriteProcessMemory был выполнен только частично. (0x12B)
[0922/125215.328:ERROR:process_memory_win.cc(73)] ReadMemory at 0x5e53887000 of 6024 bytes failed: Запрос ReadProcessMemory или WriteProcessMemory был выполнен только частично. (0x12B)
[0922/125215.328:ERROR:process_memory_win.cc(73)] ReadMemory at 0x5e53889000 of 6024 bytes failed: Запрос ReadProcessMemory или WriteProcessMemory был выполнен только частично. (0x12B)
[0922/125215.328:ERROR:process_memory_win.cc(73)] ReadMemory at 0x5e5388b000 of 6024 bytes failed: Запрос ReadProcessMemory или WriteProcessMemory был выполнен только частично. (0x12B)
[0922/125215.328:ERROR:process_memory_win.cc(73)] ReadMemory at 0x5e5388d000 of 6024 bytes failed: Запрос ReadProcessMemory или WriteProcessMemory был выполнен только частично. (0x12B)
[0922/125215.328:ERROR:process_memory_win.cc(73)] ReadMemory at 0x5e5388f000 of 6024 bytes failed: Запрос ReadProcessMemory или WriteProcessMemory был выполнен только частично. (0x12B)
[0922/125215.328:ERROR:process_memory_win.cc(73)] ReadMemory at 0x5e53891000 of 6024 bytes failed: Запрос ReadProcessMemory или WriteProcessMemory был выполнен только частично. (0x12B)
[0922/125215.328:ERROR:process_memory_win.cc(73)] ReadMemory at 0x5e53893000 of 6024 bytes failed: Запрос ReadProcessMemory или WriteProcessMemory был выполнен только частично. (0x12B)
[0922/125215.329:ERROR:process_memory_win.cc(73)] ReadMemory at 0x5e53895000 of 6024 bytes failed: Запрос ReadProcessMemory или WriteProcessMemory был выполнен только частично. (0x12B)
[0922/125215.329:ERROR:process_memory_win.cc(73)] ReadMemory at 0x5e53897000 of 6024 bytes failed: Запрос ReadProcessMemory или WriteProcessMemory был выполнен только частично. (0x12B)
[0922/125215.329:ERROR:process_memory_win.cc(73)] ReadMemory at 0x5e53899000 of 6024 bytes failed: Запрос ReadProcessMemory или WriteProcessMemory был выполнен только частично. (0x12B)
[0922/125215.329:ERROR:process_memory_win.cc(73)] ReadMemory at 0x5e5389b000 of 6024 bytes failed: Запрос ReadProcessMemory или WriteProcessMemory был выполнен только частично. (0x12B)
[0922/125215.331:ERROR:process_memory_win.cc(73)] ReadMemory at 0x5e5389d000 of 6024 bytes failed: Запрос ReadProcessMemory или WriteProcessMemory был выполнен только частично. (0x12B)
[0922/125215.331:ERROR:process_memory_win.cc(73)] ReadMemory at 0x5e5389f000 of 6024 bytes failed: Запрос ReadProcessMemory или WriteProcessMemory был выполнен только частично. (0x12B)
[0922/125215.331:ERROR:process_memory_win.cc(73)] ReadMemory at 0x5e538a1000 of 6024 bytes failed: Запрос ReadProcessMemory или WriteProcessMemory был выполнен только частично. (0x12B)
[0922/125215.331:ERROR:process_memory_win.cc(73)] ReadMemory at 0x5e538a3000 of 6024 bytes failed: Запрос ReadProcessMemory или WriteProcessMemory был выполнен только частично. (0x12B)
[0922/125215.331:ERROR:process_memory_win.cc(73)] ReadMemory at 0x5e538a5000 of 6024 bytes failed: Запрос ReadProcessMemory или WriteProcessMemory был выполнен только частично. (0x12B)
[0922/125215.331:ERROR:process_memory_win.cc(73)] ReadMemory at 0x5e538a7000 of 6024 bytes failed: Запрос ReadProcessMemory или WriteProcessMemory был выполнен только частично. (0x12B)
[0922/125215.332:ERROR:process_memory_win.cc(73)] ReadMemory at 0x5e538a9000 of 6024 bytes failed: Запрос ReadProcessMemory или WriteProcessMemory был выполнен только частично. (0x12B)
[0922/125215.332:ERROR:process_memory_win.cc(73)] ReadMemory at 0x5e538ab000 of 6024 bytes failed: Запрос ReadProcessMemory или WriteProcessMemory был выполнен только частично. (0x12B)
[0922/125215.332:ERROR:process_memory_win.cc(73)] ReadMemory at 0x5e538ad000 of 6024 bytes failed: Запрос ReadProcessMemory или WriteProcessMemory был выполнен только частично. (0x12B)
[0922/125215.333:ERROR:process_memory_win.cc(73)] ReadMemory at 0x5e538af000 of 6024 bytes failed: Запрос ReadProcessMemory или WriteProcessMemory был выполнен только частично. (0x12B)
[0922/125215.333:ERROR:process_memory_win.cc(73)] ReadMemory at 0x5e538b1000 of 6024 bytes failed: Запрос ReadProcessMemory или WriteProcessMemory был выполнен только частично. (0x12B)
[0922/125215.333:ERROR:process_memory_win.cc(73)] ReadMemory at 0x5e538b3000 of 6024 bytes failed: Запрос ReadProcessMemory или WriteProcessMemory был выполнен только частично. (0x12B)
[0922/125215.333:ERROR:process_memory_win.cc(73)] ReadMemory at 0x5e538b5000 of 6024 bytes failed: Запрос ReadProcessMemory или WriteProcessMemory был выполнен только частично. (0x12B)
[0922/125215.333:ERROR:process_memory_win.cc(73)] ReadMemory at 0x5e538b7000 of 6024 bytes failed: Запрос ReadProcessMemory или WriteProcessMemory был выполнен только частично. (0x12B)
[0922/125215.334:ERROR:process_memory_win.cc(73)] ReadMemory at 0x1b2ab4e0fe0 of 13740 bytes failed: Запрос ReadProcessMemory или WriteProcessMemory был выполнен только частично. (0x12B)
[0922/125215.335:ERROR:process_memory_win.cc(73)] ReadMemory at 0x1b2ab4e45a0 of 1012 bytes failed: Запрос ReadProcessMemory или WriteProcessMemory был выполнен только частично. (0x12B)
[0922/125215.335:ERROR:process_memory_win.cc(73)] ReadMemory at 0x1b2ab4e4be8 of 106 bytes failed: Запрос ReadProcessMemory или WriteProcessMemory был выполнен только частично. (0x12B)
[0922/125215.335:ERROR:process_memory_win.cc(73)] ReadMemory at 0x1b2ab4e4c54 of 1164 bytes failed: Запрос ReadProcessMemory или WriteProcessMemory был выполнен только частично. (0x12B)
[0922/125215.336:ERROR:process_memory_win.cc(73)] ReadMemory at 0x1b2ab4e50e2 of 106 bytes failed: Запрос ReadProcessMemory или WriteProcessMemory был выполнен только частично. (0x12B)
[0922/125215.336:ERROR:process_memory_win.cc(73)] ReadMemory at 0x1b2ab4e514e of 100 bytes failed: Запрос ReadProcessMemory или WriteProcessMemory был выполнен только частично. (0x12B)
[0922/125215.338:ERROR:process_memory_win.cc(73)] ReadMemory at 0x1b2ab4e51c0 of 58 bytes failed: Запрос ReadProcessMemory или WriteProcessMemory был выполнен только частично. (0x12B)
[0922/125215.338:ERROR:process_memory_win.cc(73)] ReadMemory at 0x1b2ab4e52c0 of 132 bytes failed: Запрос ReadProcessMemory или WriteProcessMemory был выполнен только частично. (0x12B)
[0922/125215.339:ERROR:process_memory_win.cc(73)] ReadMemory at 0x1b2ab4e5450 of 132 bytes failed: Запрос ReadProcessMemory или WriteProcessMemory был выполнен только частично. (0x12B)
[0922/125215.339:ERROR:process_memory_win.cc(73)] ReadMemory at 0x1b2ab4e5610 of 114 bytes failed: Запрос ReadProcessMemory или WriteProcessMemory был выполнен только частично. (0x12B)
[0922/125215.339:ERROR:process_memory_win.cc(73)] ReadMemory at 0x1b2ab4e59f0 of 132 bytes failed: Запрос ReadProcessMemory или WriteProcessMemory был выполнен только частично. (0x12B)
[0922/125215.340:ERROR:process_memory_win.cc(73)] ReadMemory at 0x1b2ab4e5b80 of 64 bytes failed: Запрос ReadProcessMemory или WriteProcessMemory был выполнен только частично. (0x12B)
[0922/125215.342:ERROR:process_memory_win.cc(73)] ReadMemory at 0x1b2ab4e5d30 of 132 bytes failed: Запрос ReadProcessMemory или WriteProcessMemory был выполнен только частично. (0x12B)
[0922/125215.342:ERROR:process_memory_win.cc(73)] ReadMemory at 0x1b2ab4e6000 of 132 bytes failed: Запрос ReadProcessMemory или WriteProcessMemory был выполнен только частично. (0x12B)
[0922/125215.343:ERROR:process_memory_win.cc(73)] ReadMemory at 0x1b2ab4e6190 of 68 bytes failed: Запрос ReadProcessMemory или WriteProcessMemory был выполнен только частично. (0x12B)
[0922/125215.344:ERROR:process_memory_win.cc(73)] ReadMemory at 0x1b2ab4e7320 of 132 bytes failed: Запрос ReadProcessMemory или WriteProcessMemory был выполнен только частично. (0x12B)
[0922/125215.347:ERROR:process_memory_win.cc(73)] ReadMemory at 0x1b2ab4e7450 of 142 bytes failed: Запрос ReadProcessMemory или WriteProcessMemory был выполнен только частично. (0x12B)
[0922/125215.348:ERROR:process_memory_win.cc(73)] ReadMemory at 0x1b2ab4e82b0 of 60 bytes failed: Запрос ReadProcessMemory или WriteProcessMemory был выполнен только частично. (0x12B)
[0922/125215.349:ERROR:process_memory_win.cc(73)] ReadMemory at 0x1b2ab4e8d00 of 62 bytes failed: Запрос ReadProcessMemory или WriteProcessMemory был выполнен только частично. (0x12B)
[0922/125215.349:ERROR:process_memory_win.cc(73)] ReadMemory at 0x1b2ab4e8e30 of 132 bytes failed: Запрос ReadProcessMemory или WriteProcessMemory был выполнен только частично. (0x12B)
[0922/125215.349:ERROR:process_memory_win.cc(73)] ReadMemory at 0x1b2ab4f9450 of 132 bytes failed: Запрос ReadProcessMemory или WriteProcessMemory был выполнен только частично. (0x12B)
[0922/125215.349:ERROR:process_memory_win.cc(73)] ReadMemory at 0x1b2ab4f97a0 of 132 bytes failed: Запрос ReadProcessMemory или WriteProcessMemory был выполнен только частично. (0x12B)
[0922/125215.350:ERROR:process_memory_win.cc(73)] ReadMemory at 0x1b2ab4f99b0 of 132 bytes failed: Запрос ReadProcessMemory или WriteProcessMemory был выполнен только частично. (0x12B)
[0922/125215.351:ERROR:process_memory_win.cc(73)] ReadMemory at 0x1b2ab4faef0 of 132 bytes failed: Запрос ReadProcessMemory или WriteProcessMemory был выполнен только частично. (0x12B)
[0922/125215.351:ERROR:process_memory_win.cc(73)] ReadMemory at 0x1b2ab4fb020 of 132 bytes failed: Запрос ReadProcessMemory или WriteProcessMemory был выполнен только частично. (0x12B)
[0922/125215.352:ERROR:process_memory_win.cc(73)] ReadMemory at 0x1b2ab4fb150 of 132 bytes failed: Запрос ReadProcessMemory или WriteProcessMemory был выполнен только частично. (0x12B)
[0922/125215.353:ERROR:process_memory_win.cc(73)] ReadMemory at 0x1b2ab4fb280 of 132 bytes failed: Запрос ReadProcessMemory или WriteProcessMemory был выполнен только частично. (0x12B)
[0922/125215.353:ERROR:process_memory_win.cc(73)] ReadMemory at 0x1b2ab4fb3b0 of 132 bytes failed: Запрос ReadProcessMemory или WriteProcessMemory был выполнен только частично. (0x12B)
[0922/125215.353:ERROR:process_memory_win.cc(73)] ReadMemory at 0x1b2ab4fb4e0 of 132 bytes failed: Запрос ReadProcessMemory или WriteProcessMemory был выполнен только частично. (0x12B)
[0922/125215.354:ERROR:process_memory_win.cc(73)] ReadMemory at 0x1b2ab4fb610 of 132 bytes failed: Запрос ReadProcessMemory или WriteProcessMemory был выполнен только частично. (0x12B)
[0922/125215.354:ERROR:process_memory_win.cc(73)] ReadMemory at 0x1b2ab4fb740 of 132 bytes failed: Запрос ReadProcessMemory или WriteProcessMemory был выполнен только частично. (0x12B)
[0922/125215.355:ERROR:process_memory_win.cc(73)] ReadMemory at 0x1b2ab4fb870 of 132 bytes failed: Запрос ReadProcessMemory или WriteProcessMemory был выполнен только частично. (0x12B)
[0922/125215.355:ERROR:process_memory_win.cc(73)] ReadMemory at 0x1b2ab4fb9a0 of 132 bytes failed: Запрос ReadProcessMemory или WriteProcessMemory был выполнен только частично. (0x12B)
[0922/125215.355:ERROR:process_memory_win.cc(73)] ReadMemory at 0x1b2ab4fbad0 of 132 bytes failed: Запрос ReadProcessMemory или WriteProcessMemory был выполнен только частично. (0x12B)
[0922/125215.355:ERROR:process_memory_win.cc(73)] ReadMemory at 0x1b2ab4fbc00 of 132 bytes failed: Запрос ReadProcessMemory или WriteProcessMemory был выполнен только частично. (0x12B)
[0922/125215.356:ERROR:process_memory_win.cc(73)] ReadMemory at 0x1b2ab4fbd30 of 132 bytes failed: Запрос ReadProcessMemory или WriteProcessMemory был выполнен только частично. (0x12B)
[0922/125215.357:ERROR:process_memory_win.cc(73)] ReadMemory at 0x1b2ab4fd320 of 62 bytes failed: Запрос ReadProcessMemory или WriteProcessMemory был выполнен только частично. (0x12B)
[0922/125215.358:ERROR:process_memory_win.cc(73)] ReadMemory at 0x1b2ab4fd370 of 62 bytes failed: Запрос ReadProcessMemory или WriteProcessMemory был выполнен только частично. (0x12B)
[0922/125215.360:ERROR:process_memory_win.cc(73)] ReadMemory at 0x1b2ab4fd460 of 62 bytes failed: Запрос ReadProcessMemory или WriteProcessMemory был выполнен только частично. (0x12B)
[0922/125215.360:ERROR:process_memory_win.cc(73)] ReadMemory at 0x1b2ab4fd550 of 66 bytes failed: Запрос ReadProcessMemory или WriteProcessMemory был выполнен только частично. (0x12B)
[0922/125215.360:ERROR:process_memory_win.cc(73)] ReadMemory at 0x1b2ab4fd730 of 60 bytes failed: Запрос ReadProcessMemory или WriteProcessMemory был выполнен только частично. (0x12B)
[0922/125215.360:ERROR:process_memory_win.cc(73)] ReadMemory at 0x1b2ab4fda00 of 64 bytes failed: Запрос ReadProcessMemory или WriteProcessMemory был выполнен только частично. (0x12B)
[0922/125215.360:ERROR:process_memory_win.cc(73)] ReadMemory at 0x1b2ab4fdbe0 of 64 bytes failed: Запрос ReadProcessMemory или WriteProcessMemory был выполнен только частично. (0x12B)
[0922/125215.360:ERROR:process_memory_win.cc(73)] ReadMemory at 0x1b2ab4fdcd0 of 64 bytes failed: Запрос ReadProcessMemory или WriteProcessMemory был выполнен только частично. (0x12B)
[0922/125215.361:ERROR:process_memory_win.cc(73)] ReadMemory at 0x1b2ab4fdd70 of 62 bytes failed: Запрос ReadProcessMemory или WriteProcessMemory был выполнен только частично. (0x12B)
[0922/125215.361:ERROR:process_memory_win.cc(73)] ReadMemory at 0x1b2ab4fde10 of 64 bytes failed: Запрос ReadProcessMemory или WriteProcessMemory был выполнен только частично. (0x12B)
[0922/125215.361:ERROR:process_memory_win.cc(73)] ReadMemory at 0x1b2ab4fdf00 of 58 bytes failed: Запрос ReadProcessMemory или WriteProcessMemory был выполнен только частично. (0x12B)
[0922/125215.361:ERROR:process_memory_win.cc(73)] ReadMemory at 0x1b2ab4fe090 of 62 bytes failed: Запрос ReadProcessMemory или WriteProcessMemory был выполнен только частично. (0x12B)
[0922/125215.362:ERROR:process_memory_win.cc(73)] ReadMemory at 0x1b2ab4fe180 of 64 bytes failed: Запрос ReadProcessMemory или WriteProcessMemory был выполнен только частично. (0x12B)
[0922/125215.363:ERROR:process_memory_win.cc(73)] ReadMemory at 0x1b2ab4fe1d0 of 60 bytes failed: Запрос ReadProcessMemory или WriteProcessMemory был выполнен только частично. (0x12B)
[0922/125215.365:ERROR:process_memory_win.cc(73)] ReadMemory at 0x1b2ab503020 of 132 bytes failed: Запрос ReadProcessMemory или WriteProcessMemory был выполнен только частично. (0x12B)
[0922/125215.367:ERROR:process_memory_win.cc(73)] ReadMemory at 0x1b2ab503250 of 132 bytes failed: Запрос ReadProcessMemory или WriteProcessMemory был выполнен только частично. (0x12B)
[0922/125215.369:ERROR:process_memory_win.cc(73)] ReadMemory at 0x1b2ab503670 of 132 bytes failed: Запрос ReadProcessMemory или WriteProcessMemory был выполнен только частично. (0x12B)
[0922/125215.375:ERROR:process_memory_win.cc(73)] ReadMemory at 0x1b2ab5037a0 of 132 bytes failed: Запрос ReadProcessMemory или WriteProcessMemory был выполнен только частично. (0x12B)
[0922/125215.375:ERROR:process_memory_win.cc(73)] ReadMemory at 0x1b2ab505fe0 of 132 bytes failed: Запрос ReadProcessMemory или WriteProcessMemory был выполнен только частично. (0x12B)
[0922/125215.375:ERROR:process_memory_win.cc(73)] ReadMemory at 0x1b2ab506110 of 134 bytes failed: Запрос ReadProcessMemory или WriteProcessMemory был выполнен только частично. (0x12B)
[0922/125215.376:ERROR:process_memory_win.cc(73)] ReadMemory at 0x1b2ab5061c0 of 132 bytes failed: Запрос ReadProcessMemory или WriteProcessMemory был выполнен только частично. (0x12B)
[0922/125215.376:ERROR:process_memory_win.cc(73)] ReadMemory at 0x1b2ab509040 of 80 bytes failed: Запрос ReadProcessMemory или WriteProcessMemory был выполнен только частично. (0x12B)
[0922/125215.376:ERROR:process_memory_win.cc(73)] ReadMemory at 0x1b2ab509580 of 80 bytes failed: Запрос ReadProcessMemory или WriteProcessMemory был выполнен только частично. (0x12B)
[0922/125215.376:ERROR:process_memory_win.cc(73)] ReadMemory at 0x1b2ab50a570 of 132 bytes failed: Запрос ReadProcessMemory или WriteProcessMemory был выполнен только частично. (0x12B)
[0922/125215.376:ERROR:process_memory_win.cc(73)] ReadMemory at 0x1b2ab50a900 of 132 bytes failed: Запрос ReadProcessMemory или WriteProcessMemory был выполнен только частично. (0x12B)
[0922/125215.377:ERROR:process_memory_win.cc(73)] ReadMemory at 0x1b2ab50aa30 of 132 bytes failed: Запрос ReadProcessMemory или WriteProcessMemory был выполнен только частично. (0x12B)
[0922/125215.379:ERROR:process_memory_win.cc(73)] ReadMemory at 0x1b2ab50ab60 of 132 bytes failed: Запрос ReadProcessMemory или WriteProcessMemory был выполнен только частично. (0x12B)
[0922/125215.379:ERROR:process_memory_win.cc(73)] ReadMemory at 0x1b2ab50ac90 of 132 bytes failed: Запрос ReadProcessMemory или WriteProcessMemory был выполнен только частично. (0x12B)
[0922/125215.379:ERROR:process_memory_win.cc(73)] ReadMemory at 0x1b2ab50adc0 of 132 bytes failed: Запрос ReadProcessMemory или WriteProcessMemory был выполнен только частично. (0x12B)
[0922/125215.380:ERROR:process_memory_win.cc(73)] ReadMemory at 0x1b2ab50b020 of 132 bytes failed: Запрос ReadProcessMemory или WriteProcessMemory был выполнен только частично. (0x12B)
[0922/125215.381:ERROR:process_memory_win.cc(73)] ReadMemory at 0x1b2ab50b150 of 132 bytes failed: Запрос ReadProcessMemory или WriteProcessMemory был выполнен только частично. (0x12B)
[0922/125215.382:ERROR:process_memory_win.cc(73)] ReadMemory at 0x1b2ab50b4e0 of 132 bytes failed: Запрос ReadProcessMemory или WriteProcessMemory был выполнен только частично. (0x12B)
[0922/125215.383:ERROR:process_memory_win.cc(73)] ReadMemory at 0x1b2ab50b870 of 132 bytes failed: Запрос ReadProcessMemory или WriteProcessMemory был выполнен только частично. (0x12B)
[0922/125215.383:ERROR:process_memory_win.cc(73)] ReadMemory at 0x1b2ab50be60 of 132 bytes failed: Запрос ReadProcessMemory или WriteProcessMemory был выполнен только частично. (0x12B)
[0922/125215.383:ERROR:process_memory_win.cc(73)] ReadMemory at 0x1b2ab50bf90 of 132 bytes failed: Запрос ReadProcessMemory или WriteProcessMemory был выполнен только частично. (0x12B)
[0922/125215.383:ERROR:process_memory_win.cc(73)] ReadMemory at 0x1b2ab50c1f0 of 132 bytes failed: Запрос ReadProcessMemory или WriteProcessMemory был выполнен только частично. (0x12B)
[0922/125215.383:ERROR:process_memory_win.cc(73)] ReadMemory at 0x1b2ab50c320 of 132 bytes failed: Запрос ReadProcessMemory или WriteProcessMemory был выполнен только частично. (0x12B)
[0922/125215.383:ERROR:process_memory_win.cc(73)] ReadMemory at 0x1b2ab50c8a0 of 60 bytes failed: Запрос ReadProcessMemory или WriteProcessMemory был выполнен только частично. (0x12B)
[0922/125215.384:ERROR:process_memory_win.cc(73)] ReadMemory at 0x1b2ab50ca80 of 62 bytes failed: Запрос ReadProcessMemory или WriteProcessMemory был выполнен только частично. (0x12B)
[0922/125215.384:ERROR:process_memory_win.cc(73)] ReadMemory at 0x1b2ab50cad0 of 64 bytes failed: Запрос ReadProcessMemory или WriteProcessMemory был выполнен только частично. (0x12B)
[0922/125215.384:ERROR:process_memory_win.cc(73)] ReadMemory at 0x1b2ab50cc10 of 62 bytes failed: Запрос ReadProcessMemory или WriteProcessMemory был выполнен только частично. (0x12B)
[0922/125215.384:ERROR:process_memory_win.cc(73)] ReadMemory at 0x1b2ab50ce40 of 64 bytes failed: Запрос ReadProcessMemory или WriteProcessMemory был выполнен только частично. (0x12B)
[0922/125215.384:ERROR:process_memory_win.cc(73)] ReadMemory at 0x1b2ab50ce90 of 62 bytes failed: Запрос ReadProcessMemory или WriteProcessMemory был выполнен только частично. (0x12B)
[0922/125215.385:ERROR:process_memory_win.cc(73)] ReadMemory at 0x1b2ab50d1b0 of 60 bytes failed: Запрос ReadProcessMemory или WriteProcessMemory был выполнен только частично. (0x12B)
[0922/125215.388:ERROR:process_memory_win.cc(73)] ReadMemory at 0x1b2ab50d430 of 62 bytes failed: Запрос ReadProcessMemory или WriteProcessMemory был выполнен только частично. (0x12B)
[0922/125215.389:ERROR:process_memory_win.cc(73)] ReadMemory at 0x1b2ab5257f0 of 512 bytes failed: Запрос ReadProcessMemory или WriteProcessMemory был выполнен только частично. (0x12B)
[0922/125215.389:ERROR:process_memory_win.cc(73)] ReadMemory at 0x1b2ab52acc0 of 78 bytes failed: Запрос ReadProcessMemory или WriteProcessMemory был выполнен только частично. (0x12B)
[0922/125215.389:ERROR:process_memory_win.cc(73)] ReadMemory at 0x1b2ab53bf60 of 58 bytes failed: Запрос ReadProcessMemory или WriteProcessMemory был выполнен только частично. (0x12B)
[0922/125215.389:ERROR:process_memory_win.cc(73)] ReadMemory at 0x1b2ab53bfb0 of 62 bytes failed: Запрос ReadProcessMemory или WriteProcessMemory был выполнен только частично. (0x12B)
[0922/125215.390:ERROR:process_memory_win.cc(73)] ReadMemory at 0x1b2ab53c230 of 60 bytes failed: Запрос ReadProcessMemory или WriteProcessMemory был выполнен только частично. (0x12B)
[0922/125215.391:ERROR:process_memory_win.cc(73)] ReadMemory at 0x1b2ab53c280 of 58 bytes failed: Запрос ReadProcessMemory или WriteProcessMemory был выполнен только частично. (0x12B)
[0922/125215.394:ERROR:process_memory_win.cc(73)] ReadMemory at 0x1b2ab53c370 of 56 bytes failed: Запрос ReadProcessMemory или WriteProcessMemory был выполнен только частично. (0x12B)
[0922/125215.394:ERROR:process_memory_win.cc(73)] ReadMemory at 0x1b2ab53c460 of 60 bytes failed: Запрос ReadProcessMemory или WriteProcessMemory был выполнен только частично. (0x12B)
[0922/125215.394:ERROR:process_memory_win.cc(73)] ReadMemory at 0x1b2ab53c9b0 of 62 bytes failed: Запрос ReadProcessMemory или WriteProcessMemory был выполнен только частично. (0x12B)
[0922/125215.394:ERROR:process_memory_win.cc(73)] ReadMemory at 0x1b2ab53ca50 of 66 bytes failed: Запрос ReadProcessMemory или WriteProcessMemory был выполнен только частично. (0x12B)
[0922/125215.395:ERROR:process_memory_win.cc(73)] ReadMemory at 0x1b2ab53cb40 of 62 bytes failed: Запрос ReadProcessMemory или WriteProcessMemory был выполнен только частично. (0x12B)
[0922/125215.395:ERROR:process_memory_win.cc(73)] ReadMemory at 0x1b2ab53cdc0 of 60 bytes failed: Запрос ReadProcessMemory или WriteProcessMemory был выполнен только частично. (0x12B)
[0922/125215.395:ERROR:process_memory_win.cc(73)] ReadMemory at 0x1b2ab53fb20 of 512 bytes failed: Запрос ReadProcessMemory или WriteProcessMemory был выполнен только частично. (0x12B)
[0922/125215.395:ERROR:process_memory_win.cc(73)] ReadMemory at 0x1b2ab565690 of 512 bytes failed: Запрос ReadProcessMemory или WriteProcessMemory был выполнен только частично. (0x12B)
[0922/125215.396:ERROR:process_memory_win.cc(73)] ReadMemory at 0x1b2ab566010 of 512 bytes failed: Запрос ReadProcessMemory или WriteProcessMemory был выполнен только частично. (0x12B)
[0922/125215.397:ERROR:process_memory_win.cc(73)] ReadMemory at 0x1b2ab5702b0 of 512 bytes failed: Запрос ReadProcessMemory или WriteProcessMemory был выполнен только частично. (0x12B)
[0922/125215.397:ERROR:process_memory_win.cc(73)] ReadMemory at 0x1b2ab576230 of 512 bytes failed: Запрос ReadProcessMemory или WriteProcessMemory был выполнен только частично. (0x12B)
[0922/125215.397:ERROR:process_memory_win.cc(73)] ReadMemory at 0x1b2ab5779e0 of 712 bytes failed: Запрос ReadProcessMemory или WriteProcessMemory был выполнен только частично. (0x12B)
[0922/125215.397:ERROR:process_memory_win.cc(73)] ReadMemory at 0x1b2ab57c6b0 of 512 bytes failed: Запрос ReadProcessMemory или WriteProcessMemory был выполнен только частично. (0x12B)
[0922/125215.397:ERROR:process_memory_win.cc(73)] ReadMemory at 0x1b2ab650c40 of 512 bytes failed: Запрос ReadProcessMemory или WriteProcessMemory был выполнен только частично. (0x12B)
[0922/125215.398:ERROR:process_memory_win.cc(73)] ReadMemory at 0x1b2ab650f40 of 512 bytes failed: Запрос ReadProcessMemory или WriteProcessMemory был выполнен только частично. (0x12B)
[0922/125215.398:ERROR:process_memory_win.cc(73)] ReadMemory at 0x1b2ad56a760 of 512 bytes failed: Запрос ReadProcessMemory или WriteProcessMemory был выполнен только частично. (0x12B)
[0922/125215.398:ERROR:process_memory_win.cc(73)] ReadMemory at 0x1b2ad58a680 of 512 bytes failed: Запрос ReadProcessMemory или WriteProcessMemory был выполнен только частично. (0x12B)
[0922/125215.398:ERROR:process_memory_win.cc(73)] ReadMemory at 0x1b2ad59fc50 of 512 bytes failed: Запрос ReadProcessMemory или WriteProcessMemory был выполнен только частично. (0x12B)
[0922/125215.399:ERROR:process_memory_win.cc(73)] ReadMemory at 0x1b2ad5a0f50 of 512 bytes failed: Запрос ReadProcessMemory или WriteProcessMemory был выполнен только частично. (0x12B)
[0922/125215.399:ERROR:process_memory_win.cc(73)] ReadMemory at 0x1b2ad5bc940 of 512 bytes failed: Запрос ReadProcessMemory или WriteProcessMemory был выполнен только частично. (0x12B)
[0922/125215.399:ERROR:process_memory_win.cc(73)] ReadMemory at 0x1b2ad9cff80 of 512 bytes failed: Запрос ReadProcessMemory или WriteProcessMemory был выполнен только частично. (0x12B)
[0922/125215.400:ERROR:process_memory_win.cc(73)] ReadMemory at 0x1b2ada517e0 of 512 bytes failed: Запрос ReadProcessMemory или WriteProcessMemory был выполнен только частично. (0x12B)
[0922/125215.402:ERROR:process_memory_win.cc(73)] ReadMemory at 0x1b2adf5bcc0 of 512 bytes failed: Запрос ReadProcessMemory или WriteProcessMemory был выполнен только частично. (0x12B)
[0922/125215.404:ERROR:process_memory_win.cc(73)] ReadMemory at 0x1b2adf93230 of 512 bytes failed: Запрос ReadProcessMemory или WriteProcessMemory был выполнен только частично. (0x12B)
[0922/125215.405:ERROR:process_memory_win.cc(73)] ReadMemory at 0x1b2ae2ca4c0 of 512 bytes failed: Запрос ReadProcessMemory или WriteProcessMemory был выполнен только частично. (0x12B)
[0922/125215.405:ERROR:process_memory_win.cc(73)] ReadMemory at 0x1b2ae3cc5c0 of 512 bytes failed: Запрос ReadProcessMemory или WriteProcessMemory был выполнен только частично. (0x12B)
[0922/125215.405:ERROR:process_memory_win.cc(73)] ReadMemory at 0x1b2ae480698 of 512 bytes failed: Запрос ReadProcessMemory или WriteProcessMemory был выполнен только частично. (0x12B)
[0922/125215.405:ERROR:process_memory_win.cc(73)] ReadMemory at 0x1b2aec0dc90 of 512 bytes failed: Запрос ReadProcessMemory или WriteProcessMemory был выполнен только частично. (0x12B)
[0922/125215.405:ERROR:process_memory_win.cc(73)] ReadMemory at 0x1b2af055f10 of 512 bytes failed: Запрос ReadProcessMemory или WriteProcessMemory был выполнен только частично. (0x12B)
[0922/125215.405:ERROR:process_memory_win.cc(73)] ReadMemory at 0x8916cc79f00 of 512 bytes failed: Запрос ReadProcessMemory или WriteProcessMemory был выполнен только частично. (0x12B)
[0922/125215.406:ERROR:process_memory_win.cc(73)] ReadMemory at 0x8916ccf0450 of 512 bytes failed: Запрос ReadProcessMemory или WriteProcessMemory был выполнен только частично. (0x12B)
[0922/125215.407:ERROR:process_memory_win.cc(73)] ReadMemory at 0x8916cd00520 of 512 bytes failed: Запрос ReadProcessMemory или WriteProcessMemory был выполнен только частично. (0x12B)
[0922/125215.407:ERROR:process_memory_win.cc(73)] ReadMemory at 0x116b92c44fb0 of 512 bytes failed: Запрос ReadProcessMemory или WriteProcessMemory был выполнен только частично. (0x12B)
[0922/125215.407:ERROR:process_memory_win.cc(73)] ReadMemory at 0x1a3b9a1e1000 of 384 bytes failed: Запрос ReadProcessMemory или WriteProcessMemory был выполнен только частично. (0x12B)
[0922/125215.409:ERROR:process_memory_win.cc(73)] ReadMemory at 0x1a3b9a1fc790 of 560 bytes failed: Запрос ReadProcessMemory или WriteProcessMemory был выполнен только частично. (0x12B)
[0922/125215.409:ERROR:process_memory_win.cc(73)] ReadMemory at 0x1a3b9a1fef80 of 128 bytes failed: Запрос ReadProcessMemory или WriteProcessMemory был выполнен только частично. (0x12B)
[0922/125215.409:ERROR:process_memory_win.cc(73)] ReadMemory at 0x3a75aff80000 of 384 bytes failed: Запрос ReadProcessMemory или WriteProcessMemory был выполнен только частично. (0x12B)
[0922/125215.409:ERROR:process_memory_win.cc(73)] ReadMemory at 0x4feb00000000 of 384 bytes failed: Запрос ReadProcessMemory или WriteProcessMemory был выполнен только частично. (0x12B)
[0922/125215.411:ERROR:process_memory_win.cc(73)] ReadMemory at 0x4feb080405c1 of 512 bytes failed: Запрос ReadProcessMemory или WriteProcessMemory был выполнен только частично. (0x12B)
[0922/125215.412:ERROR:process_memory_win.cc(73)] ReadMemory at 0x4feb0817ff80 of 512 bytes failed: Запрос ReadProcessMemory или WriteProcessMemory был выполнен только частично. (0x12B)
[0922/125215.413:ERROR:process_memory_win.cc(73)] ReadMemory at 0x4feb081b0400 of 524 bytes failed: Запрос ReadProcessMemory или WriteProcessMemory был выполнен только частично. (0x12B)
[0922/125215.413:ERROR:process_memory_win.cc(73)] ReadMemory at 0x4feb086bad49 of 512 bytes failed: Запрос ReadProcessMemory или WriteProcessMemory был выполнен только частично. (0x12B)
[0922/125215.413:ERROR:process_memory_win.cc(73)] ReadMemory at 0x4feb08b15cc1 of 512 bytes failed: Запрос ReadProcessMemory или WriteProcessMemory был выполнен только частично. (0x12B)
[0922/125215.413:ERROR:process_memory_win.cc(73)] ReadMemory at 0x7be0687c4fa8 of 512 bytes failed: Запрос ReadProcessMemory или WriteProcessMemory был выполнен только частично. (0x12B)
[0922/125215.413:ERROR:process_memory_win.cc(73)] ReadMemory at 0x7ffc553d0000 of 384 bytes failed: Запрос ReadProcessMemory или WriteProcessMemory был выполнен только частично. (0x12B)
[0922/125215.422:ERROR:process_memory_win.cc(73)] ReadMemory at 0x7ffc55446cd0 of 512 bytes failed: Запрос ReadProcessMemory или WriteProcessMemory был выполнен только частично. (0x12B)
[0922/125215.424:ERROR:process_memory_win.cc(73)] ReadMemory at 0x7ffc572582e7 of 512 bytes failed: Запрос ReadProcessMemory или WriteProcessMemory был выполнен только частично. (0x12B)
[0922/125215.424:ERROR:process_memory_win.cc(73)] ReadMemory at 0x7ffc575813ab of 512 bytes failed: Запрос ReadProcessMemory или WriteProcessMemory был выполнен только частично. (0x12B)
[0922/125215.424:ERROR:process_memory_win.cc(73)] ReadMemory at 0x7ffc57c4a6d4 of 512 bytes failed: Запрос ReadProcessMemory или WriteProcessMemory был выполнен только частично. (0x12B)
[0922/125215.424:ERROR:process_memory_win.cc(73)] ReadMemory at 0x7ffc580fe17d of 512 bytes failed: Запрос ReadProcessMemory или WriteProcessMemory был выполнен только частично. (0x12B)
[0922/125215.425:ERROR:process_memory_win.cc(73)] ReadMemory at 0x7ffc58101140 of 512 bytes failed: Запрос ReadProcessMemory или WriteProcessMemory был выполнен только частично. (0x12B)
[0922/125215.425:ERROR:process_memory_win.cc(73)] ReadMemory at 0x7ffc58af1a04 of 512 bytes failed: Запрос ReadProcessMemory или WriteProcessMemory был выполнен только частично. (0x12B)
[0922/125215.425:ERROR:process_memory_win.cc(73)] ReadMemory at 0x7ffc5cae9030 of 512 bytes failed: Запрос ReadProcessMemory или WriteProcessMemory был выполнен только частично. (0x12B)
[0922/125215.425:ERROR:process_memory_win.cc(73)] ReadMemory at 0x7ffc5cecb051 of 512 bytes failed: Запрос ReadProcessMemory или WriteProcessMemory был выполнен только частично. (0x12B)
[0922/125215.425:ERROR:process_memory_win.cc(73)] ReadMemory at 0x7ffc5cf33f30 of 512 bytes failed: Запрос ReadProcessMemory или WriteProcessMemory был выполнен только частично. (0x12B)
[0922/125215.425:ERROR:process_memory_win.cc(73)] ReadMemory at 0x7ffc5cf3d198 of 512 bytes failed: Запрос ReadProcessMemory или WriteProcessMemory был выполнен только частично. (0x12B)
[0922/125215.425:ERROR:process_memory_win.cc(73)] ReadMemory at 0x7ffc5dc28b8c of 512 bytes failed: Запрос ReadProcessMemory или WriteProcessMemory был выполнен только частично. (0x12B)
[0922/125215.425:ERROR:process_memory_win.cc(73)] ReadMemory at 0x7ffc5deeca98 of 512 bytes failed: Запрос ReadProcessMemory или WriteProcessMemory был выполнен только частично. (0x12B)
[0922/125215.425:ERROR:process_memory_win.cc(73)] ReadMemory at 0x7ffc5e08b9b0 of 512 bytes failed: Запрос ReadProcessMemory или WriteProcessMemory был выполнен только частично. (0x12B)
[0922/125215.426:ERROR:process_memory_win.cc(73)] ReadMemory at 0x7ffca545c758 of 512 bytes failed: Запрос ReadProcessMemory или WriteProcessMemory был выполнен только частично. (0x12B)
[0922/125215.426:ERROR:process_memory_win.cc(73)] ReadMemory at 0x7ffca60a49f0 of 512 bytes failed: Запрос ReadProcessMemory или WriteProcessMemory был выполнен только частично. (0x12B)
[0922/125215.428:ERROR:process_memory_win.cc(73)] ReadMemory at 0x7ffca77320db of 512 bytes failed: Запрос ReadProcessMemory или WriteProcessMemory был выполнен только частично. (0x12B)
[0922/125215.430:ERROR:process_memory_win.cc(73)] ReadMemory at 0x7ffca77abdc4 of 672 bytes failed: Запрос ReadProcessMemory или WriteProcessMemory был выполнен только частично. (0x12B)
[0922/125215.430:ERROR:process_memory_win.cc(73)] ReadMemory at 0x7ffca77ac3c4 of 512 bytes failed: Запрос ReadProcessMemory или WriteProcessMemory был выполнен только частично. (0x12B)
[0922/125215.430:ERROR:process_memory_win.cc(73)] ReadMemory at 0x7ffca77af734 of 608 bytes failed: Запрос ReadProcessMemory или WriteProcessMemory был выполнен только частично. (0x12B)
[0922/125215.430:ERROR:process_memory_win.cc(73)] ReadMemory at 0x7ffca78406e0 of 18 bytes failed: Запрос ReadProcessMemory или WriteProcessMemory был выполнен только частично. (0x12B)
[0922/125215.430:ERROR:process_memory_win.cc(73)] ReadMemory at 0x7ffca78744f8 of 40 bytes failed: Запрос ReadProcessMemory или WriteProcessMemory был выполнен только частично. (0x12B)
[0922/125215.431:ERROR:process_memory_win.cc(73)] ReadMemory at 0x7ffca7874978 of 48 bytes failed: Запрос ReadProcessMemory или WriteProcessMemory был выполнен только частично. (0x12B)
[0922/125215.431:ERROR:process_memory_win.cc(73)] ReadMemory at 0x7ffca787a4c0 of 64 bytes failed: Запрос ReadProcessMemory или WriteProcessMemory был выполнен только частично. (0x12B)
[0922/125215.433:ERROR:scoped_process_suspend.cc(40)] NtResumeProcess: Попытка доступа к процессу, выполняющему процедуру завершения. (0xc000010a)
[0922/173654.311:ERROR:process_info.cc(359)] UncheckedAllocate
